<component name="libraryTable">
  <library name="junit-4.12">
    <CLASSES>
      <root url="jar:///Applications/IntelliJ IDEA 15 CE.app/Contents/lib/junit-4.12.jar!/" />
    </CLASSES>
    <JAVADOC />
    <SOURCES>
      <root url="jar://$USER_HOME$/.ideaLibSources/junit-4.12-sources.jar!/" />
    </SOURCES>
  </library>
</component>